#
# There is insufficient memory for the Java Runtime Environment to continue.
# Native memory allocation (malloc) failed to allocate 85983232 bytes for committing reserved memory.
# Possible reasons:
#   The system is out of physical RAM or swap space
#   In 32 bit mode, the process size limit was hit
# Possible solutions:
#   Reduce memory load on the system
#   Increase physical memory or swap space
#   Check if swap backing store is full
#   Use 64 bit Java on a 64 bit OS
#   Decrease Java heap size (-Xmx/-Xms)
#   Decrease number of Java threads
#   Decrease Java thread stack sizes (-Xss)
#   Set larger code cache with -XX:ReservedCodeCacheSize=
# This output file may be truncated or incomplete.
#
#  Out of Memory Error (os_linux.cpp:2809), pid=13323, tid=140610126948096
#
# JRE version:  (7.0_79-b14) (build )
# Java VM: OpenJDK 64-Bit Server VM (24.79-b02 mixed mode linux-amd64 compressed oops)
# Derivative: IcedTea 2.5.6
# Distribution: Ubuntu 14.04 LTS, package 7u79-2.5.6-0ubuntu1.14.04.1
# Failed to write core dump. Core dumps have been disabled. To enable core dumping, try "ulimit -c unlimited" before starting Java again
#

---------------  T H R E A D  ---------------

Current thread (0x00007fe25000a000):  JavaThread "Unknown thread" [_thread_in_vm, id=13324, stack(0x00007fe2589b2000,0x00007fe258ab3000)]

Stack: [0x00007fe2589b2000,0x00007fe258ab3000],  sp=0x00007fe258ab1500,  free space=1021k
Native frames: (J=compiled Java code, j=interpreted, Vv=VM code, C=native code)
V  [libjvm.so+0x94afd5]  VMError::report_and_die()+0x175
V  [libjvm.so+0x48b9f4]  report_vm_out_of_memory(char const*, int, unsigned long, char const*)+0x74
V  [libjvm.so+0x7c809b]  os::pd_commit_memory(char*, unsigned long, unsigned long, bool)+0xeb
V  [libjvm.so+0x7c2b3f]  os::commit_memory(char*, unsigned long, unsigned long, bool)+0x1f
V  [libjvm.so+0x83503b]  PSVirtualSpace::expand_by(unsigned long)+0x5b
V  [libjvm.so+0x8254ae]  PSOldGen::initialize(ReservedSpace, unsigned long, char const*, int)+0xce
V  [libjvm.so+0x2a57ff]  AdjoiningGenerations::AdjoiningGenerations(ReservedSpace, unsigned long, unsigned long, unsigned long, unsigned long, unsigned long, unsigned long, unsigned long)+0x3af
V  [libjvm.so+0x7e8590]  ParallelScavengeHeap::initialize()+0x5b0
V  [libjvm.so+0x91ba47]  Universe::initialize_heap()+0xc7
V  [libjvm.so+0x91bd77]  universe_init()+0x67
V  [libjvm.so+0x59d2d5]  init_globals()+0x55
V  [libjvm.so+0x8fe75f]  Threads::create_vm(JavaVMInitArgs*, bool*)+0x35f
V  [libjvm.so+0x608654]  JNI_CreateJavaVM+0x54
C  [libjli.so+0x2b48]


---------------  P R O C E S S  ---------------

Java Threads: ( => current thread )

Other Threads:

=>0x00007fe25000a000 (exited) JavaThread "Unknown thread" [_thread_in_vm, id=13324, stack(0x00007fe2589b2000,0x00007fe258ab3000)]

VM state:not at safepoint (not fully initialized)

VM Mutex/Monitor currently owned by a thread: None

GC Heap History (0 events):
No events

Deoptimization events (0 events):
No events

Internal exceptions (0 events):
No events

Events (0 events):
No events


Dynamic libraries:
00400000-00401000 r-xp 00000000 08:04 3156723                            /usr/lib/jvm/java-7-openjdk-amd64/jre/bin/java
00600000-00601000 r--p 00000000 08:04 3156723                            /usr/lib/jvm/java-7-openjdk-amd64/jre/bin/java
00601000-00602000 rw-p 00001000 08:04 3156723                            /usr/lib/jvm/java-7-openjdk-amd64/jre/bin/java
01291000-012b2000 rw-p 00000000 00:00 0                                  [heap]
77a200000-784800000 rw-p 00000000 00:00 0 
789a00000-7d6d00000 rw-p 00000000 00:00 0 
7d6d00000-7d9680000 rw-p 00000000 00:00 0 
7d9680000-800000000 rw-p 00000000 00:00 0 
7fe24d000000-7fe24d270000 rwxp 00000000 00:00 0 
7fe24d270000-7fe250023000 rw-p 00000000 00:00 0 
7fe250023000-7fe254000000 ---p 00000000 00:00 0 
7fe254f8d000-7fe2551c7000 rw-p 00000000 00:00 0 
7fe2551c7000-7fe2554ac000 rw-p 00000000 00:00 0 
7fe2554ac000-7fe2554c2000 rw-p 00000000 00:00 0 
7fe2554c2000-7fe2555f6000 rw-p 00000000 00:00 0 
7fe2555f6000-7fe2555f7000 rw-p 00000000 00:00 0 
7fe2555f7000-7fe2555ff000 r-xp 00000000 08:04 3156651                    /usr/lib/jvm/java-7-openjdk-amd64/jre/lib/amd64/libzip.so
7fe2555ff000-7fe2557fe000 ---p 00008000 08:04 3156651                    /usr/lib/jvm/java-7-openjdk-amd64/jre/lib/amd64/libzip.so
7fe2557fe000-7fe2557ff000 r--p 00007000 08:04 3156651                    /usr/lib/jvm/java-7-openjdk-amd64/jre/lib/amd64/libzip.so
7fe2557ff000-7fe255800000 rw-p 00008000 08:04 3156651                    /usr/lib/jvm/java-7-openjdk-amd64/jre/lib/amd64/libzip.so
7fe255800000-7fe25580b000 r-xp 00000000 08:04 3538974                    /lib/x86_64-linux-gnu/libnss_files-2.19.so
7fe25580b000-7fe255a0a000 ---p 0000b000 08:04 3538974                    /lib/x86_64-linux-gnu/libnss_files-2.19.so
7fe255a0a000-7fe255a0b000 r--p 0000a000 08:04 3538974                    /lib/x86_64-linux-gnu/libnss_files-2.19.so
7fe255a0b000-7fe255a0c000 rw-p 0000b000 08:04 3538974                    /lib/x86_64-linux-gnu/libnss_files-2.19.so
7fe255a0c000-7fe255a17000 r-xp 00000000 08:04 3543541                    /lib/x86_64-linux-gnu/libnss_nis-2.19.so
7fe255a17000-7fe255c16000 ---p 0000b000 08:04 3543541                    /lib/x86_64-linux-gnu/libnss_nis-2.19.so
7fe255c16000-7fe255c17000 r--p 0000a000 08:04 3543541                    /lib/x86_64-linux-gnu/libnss_nis-2.19.so
7fe255c17000-7fe255c18000 rw-p 0000b000 08:04 3543541                    /lib/x86_64-linux-gnu/libnss_nis-2.19.so
7fe255c18000-7fe255c2f000 r-xp 00000000 08:04 3539041                    /lib/x86_64-linux-gnu/libnsl-2.19.so
7fe255c2f000-7fe255e2e000 ---p 00017000 08:04 3539041                    /lib/x86_64-linux-gnu/libnsl-2.19.so
7fe255e2e000-7fe255e2f000 r--p 00016000 08:04 3539041                    /lib/x86_64-linux-gnu/libnsl-2.19.so
7fe255e2f000-7fe255e30000 rw-p 00017000 08:04 3539041                    /lib/x86_64-linux-gnu/libnsl-2.19.so
7fe255e30000-7fe255e32000 rw-p 00000000 00:00 0 
7fe255e32000-7fe255e3b000 r-xp 00000000 08:04 3539040                    /lib/x86_64-linux-gnu/libnss_compat-2.19.so
7fe255e3b000-7fe25603a000 ---p 00009000 08:04 3539040                    /lib/x86_64-linux-gnu/libnss_compat-2.19.so
7fe25603a000-7fe25603b000 r--p 00008000 08:04 3539040                    /lib/x86_64-linux-gnu/libnss_compat-2.19.so
7fe25603b000-7fe25603c000 rw-p 00009000 08:04 3539040                    /lib/x86_64-linux-gnu/libnss_compat-2.19.so
7fe25603c000-7fe256067000 r-xp 00000000 08:04 3156685                    /usr/lib/jvm/java-7-openjdk-amd64/jre/lib/amd64/libjava.so
7fe256067000-7fe256266000 ---p 0002b000 08:04 3156685                    /usr/lib/jvm/java-7-openjdk-amd64/jre/lib/amd64/libjava.so
7fe256266000-7fe256267000 r--p 0002a000 08:04 3156685                    /usr/lib/jvm/java-7-openjdk-amd64/jre/lib/amd64/libjava.so
7fe256267000-7fe256269000 rw-p 0002b000 08:04 3156685                    /usr/lib/jvm/java-7-openjdk-amd64/jre/lib/amd64/libjava.so
7fe256269000-7fe256279000 r-xp 00000000 08:04 3156667                    /usr/lib/jvm/java-7-openjdk-amd64/jre/lib/amd64/libverify.so
7fe256279000-7fe256478000 ---p 00010000 08:04 3156667                    /usr/lib/jvm/java-7-openjdk-amd64/jre/lib/amd64/libverify.so
7fe256478000-7fe25647a000 r--p 0000f000 08:04 3156667                    /usr/lib/jvm/java-7-openjdk-amd64/jre/lib/amd64/libverify.so
7fe25647a000-7fe25647b000 rw-p 00011000 08:04 3156667                    /usr/lib/jvm/java-7-openjdk-amd64/jre/lib/amd64/libverify.so
7fe25647b000-7fe256482000 r-xp 00000000 08:04 3543026                    /lib/x86_64-linux-gnu/librt-2.19.so
7fe256482000-7fe256681000 ---p 00007000 08:04 3543026                    /lib/x86_64-linux-gnu/librt-2.19.so
7fe256681000-7fe256682000 r--p 00006000 08:04 3543026                    /lib/x86_64-linux-gnu/librt-2.19.so
7fe256682000-7fe256683000 rw-p 00007000 08:04 3543026                    /lib/x86_64-linux-gnu/librt-2.19.so
7fe256683000-7fe256699000 r-xp 00000000 08:04 3543134                    /lib/x86_64-linux-gnu/libgcc_s.so.1
7fe256699000-7fe256898000 ---p 00016000 08:04 3543134                    /lib/x86_64-linux-gnu/libgcc_s.so.1
7fe256898000-7fe256899000 rw-p 00015000 08:04 3543134                    /lib/x86_64-linux-gnu/libgcc_s.so.1
7fe256899000-7fe25699e000 r-xp 00000000 08:04 3538973                    /lib/x86_64-linux-gnu/libm-2.19.so
7fe25699e000-7fe256b9d000 ---p 00105000 08:04 3538973                    /lib/x86_64-linux-gnu/libm-2.19.so
7fe256b9d000-7fe256b9e000 r--p 00104000 08:04 3538973                    /lib/x86_64-linux-gnu/libm-2.19.so
7fe256b9e000-7fe256b9f000 rw-p 00105000 08:04 3538973                    /lib/x86_64-linux-gnu/libm-2.19.so
7fe256b9f000-7fe256c85000 r-xp 00000000 08:04 2885811                    /usr/lib/x86_64-linux-gnu/libstdc++.so.6.0.19
7fe256c85000-7fe256e84000 ---p 000e6000 08:04 2885811                    /usr/lib/x86_64-linux-gnu/libstdc++.so.6.0.19
7fe256e84000-7fe256e8c000 r--p 000e5000 08:04 2885811                    /usr/lib/x86_64-linux-gnu/libstdc++.so.6.0.19
7fe256e8c000-7fe256e8e000 rw-p 000ed000 08:04 2885811                    /usr/lib/x86_64-linux-gnu/libstdc++.so.6.0.19
7fe256e8e000-7fe256ea3000 rw-p 00000000 00:00 0 
7fe256ea3000-7fe2579bc000 r-xp 00000000 08:04 3156655                    /usr/lib/jvm/java-7-openjdk-amd64/jre/lib/amd64/server/libjvm.so
7fe2579bc000-7fe257bbc000 ---p 00b19000 08:04 3156655                    /usr/lib/jvm/java-7-openjdk-amd64/jre/lib/amd64/server/libjvm.so
7fe257bbc000-7fe257c56000 r--p 00b19000 08:04 3156655                    /usr/lib/jvm/java-7-openjdk-amd64/jre/lib/amd64/server/libjvm.so
7fe257c56000-7fe257c79000 rw-p 00bb3000 08:04 3156655                    /usr/lib/jvm/java-7-openjdk-amd64/jre/lib/amd64/server/libjvm.so
7fe257c79000-7fe257ca7000 rw-p 00000000 00:00 0 
7fe257ca7000-7fe257cbf000 r-xp 00000000 08:04 3543270                    /lib/x86_64-linux-gnu/libz.so.1.2.8
7fe257cbf000-7fe257ebe000 ---p 00018000 08:04 3543270                    /lib/x86_64-linux-gnu/libz.so.1.2.8
7fe257ebe000-7fe257ebf000 r--p 00017000 08:04 3543270                    /lib/x86_64-linux-gnu/libz.so.1.2.8
7fe257ebf000-7fe257ec0000 rw-p 00018000 08:04 3543270                    /lib/x86_64-linux-gnu/libz.so.1.2.8
7fe257ec0000-7fe257ed9000 r-xp 00000000 08:04 3539047                    /lib/x86_64-linux-gnu/libpthread-2.19.so
7fe257ed9000-7fe2580d8000 ---p 00019000 08:04 3539047                    /lib/x86_64-linux-gnu/libpthread-2.19.so
7fe2580d8000-7fe2580d9000 r--p 00018000 08:04 3539047                    /lib/x86_64-linux-gnu/libpthread-2.19.so
7fe2580d9000-7fe2580da000 rw-p 00019000 08:04 3539047                    /lib/x86_64-linux-gnu/libpthread-2.19.so
7fe2580da000-7fe2580de000 rw-p 00000000 00:00 0 
7fe2580de000-7fe2580e1000 r-xp 00000000 08:04 3539035                    /lib/x86_64-linux-gnu/libdl-2.19.so
7fe2580e1000-7fe2582e0000 ---p 00003000 08:04 3539035                    /lib/x86_64-linux-gnu/libdl-2.19.so
7fe2582e0000-7fe2582e1000 r--p 00002000 08:04 3539035                    /lib/x86_64-linux-gnu/libdl-2.19.so
7fe2582e1000-7fe2582e2000 rw-p 00003000 08:04 3539035                    /lib/x86_64-linux-gnu/libdl-2.19.so
7fe2582e2000-7fe25849d000 r-xp 00000000 08:04 3539046                    /lib/x86_64-linux-gnu/libc-2.19.so
7fe25849d000-7fe25869c000 ---p 001bb000 08:04 3539046                    /lib/x86_64-linux-gnu/libc-2.19.so
7fe25869c000-7fe2586a0000 r--p 001ba000 08:04 3539046                    /lib/x86_64-linux-gnu/libc-2.19.so
7fe2586a0000-7fe2586a2000 rw-p 001be000 08:04 3539046                    /lib/x86_64-linux-gnu/libc-2.19.so
7fe2586a2000-7fe2586a7000 rw-p 00000000 00:00 0 
7fe2586a7000-7fe2586b4000 r-xp 00000000 08:04 3156653                    /usr/lib/jvm/java-7-openjdk-amd64/jre/lib/amd64/jli/libjli.so
7fe2586b4000-7fe2588b3000 ---p 0000d000 08:04 3156653                    /usr/lib/jvm/java-7-openjdk-amd64/jre/lib/amd64/jli/libjli.so
7fe2588b3000-7fe2588b4000 r--p 0000c000 08:04 3156653                    /usr/lib/jvm/java-7-openjdk-amd64/jre/lib/amd64/jli/libjli.so
7fe2588b4000-7fe2588b5000 rw-p 0000d000 08:04 3156653                    /usr/lib/jvm/java-7-openjdk-amd64/jre/lib/amd64/jli/libjli.so
7fe2588b5000-7fe2588d8000 r-xp 00000000 08:04 3539043                    /lib/x86_64-linux-gnu/ld-2.19.so
7fe2588f2000-7fe2588fc000 rw-p 00000000 00:00 0 
7fe2588fc000-7fe2589b2000 rw-p 00000000 00:00 0 
7fe2589b2000-7fe2589b5000 ---p 00000000 00:00 0 
7fe2589b5000-7fe258ab8000 rw-p 00000000 00:00 0                          [stack:13324]
7fe258ac9000-7fe258acb000 rw-p 00000000 00:00 0 
7fe258acb000-7fe258ad3000 rw-s 00000000 08:04 2098319                    /tmp/hsperfdata_serj/13323
7fe258ad3000-7fe258ad4000 rw-p 00000000 00:00 0 
7fe258ad4000-7fe258ad5000 r--p 00000000 00:00 0 
7fe258ad5000-7fe258ad7000 rw-p 00000000 00:00 0 
7fe258ad7000-7fe258ad8000 r--p 00022000 08:04 3539043                    /lib/x86_64-linux-gnu/ld-2.19.so
7fe258ad8000-7fe258ad9000 rw-p 00023000 08:04 3539043                    /lib/x86_64-linux-gnu/ld-2.19.so
7fe258ad9000-7fe258ada000 rw-p 00000000 00:00 0 
7ffd24dc3000-7ffd24de4000 rw-p 00000000 00:00 0                          [stack]
7ffd24de7000-7ffd24de9000 r-xp 00000000 00:00 0                          [vdso]
7ffd24de9000-7ffd24deb000 r--p 00000000 00:00 0                          [vvar]
ffffffffff600000-ffffffffff601000 r-xp 00000000 00:00 0                  [vsyscall]

VM Arguments:
java_command: org.jetbrains.git4idea.ssh.SSHMain git@bitbucket.org git-upload-pack 'shushunov/zoomtivity-frontend.git'
Launcher Type: SUN_STANDARD

Environment Variables:
PATH=/usr/lib/git-core:/usr/lib/git-core:/usr/bin:/usr/local/sbin:/usr/local/bin:/usr/sbin:/usr/bin:/sbin:/bin:/usr/games:/usr/local/games
SHELL=/bin/bash
DISPLAY=:0

Signal Handlers:
SIGSEGV: [libjvm.so+0x94bab0], sa_mask[0]=0x7ffbfeff, sa_flags=0x10000004
SIGBUS: [libjvm.so+0x94bab0], sa_mask[0]=0x7ffbfeff, sa_flags=0x10000004
SIGFPE: [libjvm.so+0x7c38b0], sa_mask[0]=0x7ffbfeff, sa_flags=0x10000004
SIGPIPE: [libjvm.so+0x7c38b0], sa_mask[0]=0x7ffbfeff, sa_flags=0x10000004
SIGXFSZ: [libjvm.so+0x7c38b0], sa_mask[0]=0x7ffbfeff, sa_flags=0x10000004
SIGILL: [libjvm.so+0x7c38b0], sa_mask[0]=0x7ffbfeff, sa_flags=0x10000004
SIGUSR1: SIG_DFL, sa_mask[0]=0x00000000, sa_flags=0x00000000
SIGUSR2: [libjvm.so+0x7c3750], sa_mask[0]=0x00000004, sa_flags=0x10000004
SIGHUP: SIG_DFL, sa_mask[0]=0x00000000, sa_flags=0x00000000
SIGINT: SIG_DFL, sa_mask[0]=0x00000000, sa_flags=0x00000000
SIGTERM: SIG_DFL, sa_mask[0]=0x00000000, sa_flags=0x00000000
SIGQUIT: SIG_DFL, sa_mask[0]=0x00000000, sa_flags=0x00000000
SIGTRAP: SIG_DFL, sa_mask[0]=0x00000000, sa_flags=0x00000000


---------------  S Y S T E M  ---------------

OS:Ubuntu 14.04 (trusty)
uname:Linux 3.16.0-45-generic #60~14.04.1-Ubuntu SMP Fri Jul 24 21:16:23 UTC 2015 x86_64
libc:glibc 2.19 NPTL 2.19 
rlimit: STACK 8192k, CORE 0k, NPROC 31209, NOFILE 4096, AS infinity
load average:5.56 3.32 2.37

/proc/meminfo:
MemTotal:        8086696 kB
MemFree:          122208 kB
MemAvailable:      81276 kB
Buffers:            4304 kB
Cached:           854512 kB
SwapCached:            0 kB
Active:          5442480 kB
Inactive:         647716 kB
Active(anon):    5422836 kB
Inactive(anon):   628108 kB
Active(file):      19644 kB
Inactive(file):    19608 kB
Unevictable:        2076 kB
Mlocked:            2076 kB
SwapTotal:             0 kB
SwapFree:              0 kB
Dirty:               200 kB
Writeback:            24 kB
AnonPages:       5236812 kB
Mapped:          1025928 kB
Shmem:            816216 kB
Slab:             109868 kB
SReclaimable:      47824 kB
SUnreclaim:        62044 kB
KernelStack:       15536 kB
PageTables:        74292 kB
NFS_Unstable:          0 kB
Bounce:                0 kB
WritebackTmp:          0 kB
CommitLimit:     4043348 kB
Committed_AS:   14631780 kB
VmallocTotal:   34359738367 kB
VmallocUsed:      559476 kB
VmallocChunk:   34359086716 kB
HardwareCorrupted:     0 kB
AnonHugePages:   1613824 kB
HugePages_Total:       0
HugePages_Free:        0
HugePages_Rsvd:        0
HugePages_Surp:        0
Hugepagesize:       2048 kB
DirectMap4k:       80640 kB
DirectMap2M:     2975744 kB
DirectMap1G:     5242880 kB


CPU:total 8 (4 cores per cpu, 2 threads per core) family 6 model 60 stepping 3, cmov, cx8, fxsr, mmx, sse, sse2, sse3, ssse3, sse4.1, sse4.2, popcnt, avx, avx2, aes, erms, ht, tsc, tscinvbit

/proc/cpuinfo:
processor	: 0
vendor_id	: GenuineIntel
cpu family	: 6
model		: 60
model name	: Intel(R) Core(TM) i7-4700HQ CPU @ 2.40GHz
stepping	: 3
microcode	: 0x1a
cpu MHz		: 3139.218
cache size	: 6144 KB
physical id	: 0
siblings	: 8
core id		: 0
cpu cores	: 4
apicid		: 0
initial apicid	: 0
fpu		: yes
fpu_exception	: yes
cpuid level	: 13
wp		: yes
flags		: fpu vme de pse tsc msr pae mce cx8 apic sep mtrr pge mca cmov pat pse36 clflush dts acpi mmx fxsr sse sse2 ss ht tm pbe syscall nx pdpe1gb rdtscp lm constant_tsc arch_perfmon pebs bts rep_good nopl xtopology nonstop_tsc aperfmperf eagerfpu pni pclmulqdq dtes64 monitor ds_cpl vmx est tm2 ssse3 fma cx16 xtpr pdcm pcid sse4_1 sse4_2 x2apic movbe popcnt tsc_deadline_timer aes xsave avx f16c rdrand lahf_lm abm ida arat epb xsaveopt pln pts dtherm tpr_shadow vnmi flexpriority ept vpid fsgsbase tsc_adjust bmi1 avx2 smep bmi2 erms invpcid
bogomips	: 4788.87
clflush size	: 64
cache_alignment	: 64
address sizes	: 39 bits physical, 48 bits virtual
power management:

processor	: 1
vendor_id	: GenuineIntel
cpu family	: 6
model		: 60
model name	: Intel(R) Core(TM) i7-4700HQ CPU @ 2.40GHz
stepping	: 3
microcode	: 0x1a
cpu MHz		: 2402.062
cache size	: 6144 KB
physical id	: 0
siblings	: 8
core id		: 0
cpu cores	: 4
apicid		: 1
initial apicid	: 1
fpu		: yes
fpu_exception	: yes
cpuid level	: 13
wp		: yes
flags		: fpu vme de pse tsc msr pae mce cx8 apic sep mtrr pge mca cmov pat pse36 clflush dts acpi mmx fxsr sse sse2 ss ht tm pbe syscall nx pdpe1gb rdtscp lm constant_tsc arch_perfmon pebs bts rep_good nopl xtopology nonstop_tsc aperfmperf eagerfpu pni pclmulqdq dtes64 monitor ds_cpl vmx est tm2 ssse3 fma cx16 xtpr pdcm pcid sse4_1 sse4_2 x2apic movbe popcnt tsc_deadline_timer aes xsave avx f16c rdrand lahf_lm abm ida arat epb xsaveopt pln pts dtherm tpr_shadow vnmi flexpriority ept vpid fsgsbase tsc_adjust bmi1 avx2 smep bmi2 erms invpcid
bogomips	: 4788.87
clflush size	: 64
cache_alignment	: 64
address sizes	: 39 bits physical, 48 bits virtual
power management:

processor	: 2
vendor_id	: GenuineIntel
cpu family	: 6
model		: 60
model name	: Intel(R) Core(TM) i7-4700HQ CPU @ 2.40GHz
stepping	: 3
microcode	: 0x1a
cpu MHz		: 2484.000
cache size	: 6144 KB
physical id	: 0
siblings	: 8
core id		: 1
cpu cores	: 4
apicid		: 2
initial apicid	: 2
fpu		: yes
fpu_exception	: yes
cpuid level	: 13
wp		: yes
flags		: fpu vme de pse tsc msr pae mce cx8 apic sep mtrr pge mca cmov pat pse36 clflush dts acpi mmx fxsr sse sse2 ss ht tm pbe syscall nx pdpe1gb rdtscp lm constant_tsc arch_perfmon pebs bts rep_good nopl xtopology nonstop_tsc aperfmperf eagerfpu pni pclmulqdq dtes64 monitor ds_cpl vmx est tm2 ssse3 fma cx16 xtpr pdcm pcid sse4_1 sse4_2 x2apic movbe popcnt tsc_deadline_timer aes xsave avx f16c rdrand lahf_lm abm ida arat epb xsaveopt pln pts dtherm tpr_shadow vnmi flexpriority ept vpid fsgsbase tsc_adjust bmi1 avx2 smep bmi2 erms invpcid
bogomips	: 4788.87
clflush size	: 64
cache_alignment	: 64
address sizes	: 39 bits physical, 48 bits virtual
power management:

processor	: 3
vendor_id	: GenuineIntel
cpu family	: 6
model		: 60
model name	: Intel(R) Core(TM) i7-4700HQ CPU @ 2.40GHz
stepping	: 3
microcode	: 0x1a
cpu MHz		: 2431.593
cache size	: 6144 KB
physical id	: 0
siblings	: 8
core id		: 1
cpu cores	: 4
apicid		: 3
initial apicid	: 3
fpu		: yes
fpu_exception	: yes
cpuid level	: 13
wp		: yes
flags		: fpu vme de pse tsc msr pae mce cx8 apic sep mtrr pge mca cmov pat pse36 clflush dts acpi mmx fxsr sse sse2 ss ht tm pbe syscall nx pdpe1gb rdtscp lm constant_tsc arch_perfmon pebs bts rep_good nopl xtopology nonstop_tsc aperfmperf eagerfpu pni pclmulqdq dtes64 monitor ds_cpl vmx est tm2 ssse3 fma cx16 xtpr pdcm pcid sse4_1 sse4_2 x2apic movbe popcnt tsc_deadline_timer aes xsave avx f16c rdrand lahf_lm abm ida arat epb xsaveopt pln pts dtherm tpr_shadow vnmi flexpriority ept vpid fsgsbase tsc_adjust bmi1 avx2 smep bmi2 erms invpcid
bogomips	: 4788.87
clflush size	: 64
cache_alignment	: 64
address sizes	: 39 bits physical, 48 bits virtual
power management:

processor	: 4
vendor_id	: GenuineIntel
cpu family	: 6
model		: 60
model name	: Intel(R) Core(TM) i7-4700HQ CPU @ 2.40GHz
stepping	: 3
microcode	: 0x1a
cpu MHz		: 3044.906
cache size	: 6144 KB
physical id	: 0
siblings	: 8
core id		: 2
cpu cores	: 4
apicid		: 4
initial apicid	: 4
fpu		: yes
fpu_exception	: yes
cpuid level	: 13
wp		: yes
flags		: fpu vme de pse tsc msr pae mce cx8 apic sep mtrr pge mca cmov pat pse36 clflush dts acpi mmx fxsr sse sse2 ss ht tm pbe syscall nx pdpe1gb rdtscp lm constant_tsc arch_perfmon pebs bts rep_good nopl xtopology nonstop_tsc aperfmperf eagerfpu pni pclmulqdq dtes64 monitor ds_cpl vmx est tm2 ssse3 fma cx16 xtpr pdcm pcid sse4_1 sse4_2 x2apic movbe popcnt tsc_deadline_timer aes xsave avx f16c rdrand lahf_lm abm ida arat epb xsaveopt pln pts dtherm tpr_shadow vnmi flexpriority ept vpid fsgsbase tsc_adjust bmi1 avx2 smep bmi2 erms invpcid
bogomips	: 4788.87
clflush size	: 64
cache_alignment	: 64
address sizes	: 39 bits physical, 48 bits virtual
power management:

processor	: 5
vendor_id	: GenuineIntel
cpu family	: 6
model		: 60
model name	: Intel(R) Core(TM) i7-4700HQ CPU @ 2.40GHz
stepping	: 3
microcode	: 0x1a
cpu MHz		: 2947.687
cache size	: 6144 KB
physical id	: 0
siblings	: 8
core id		: 2
cpu cores	: 4
apicid		: 5
initial apicid	: 5
fpu		: yes
fpu_exception	: yes
cpuid level	: 13
wp		: yes
flags		: fpu vme de pse tsc msr pae mce cx8 apic sep mtrr pge mca cmov pat pse36 clflush dts acpi mmx fxsr sse sse2 ss ht tm pbe syscall nx pdpe1gb rdtscp lm constant_tsc arch_perfmon pebs bts rep_good nopl xtopology nonstop_tsc aperfmperf eagerfpu pni pclmulqdq dtes64 monitor ds_cpl vmx est tm2 ssse3 fma cx16 xtpr pdcm pcid sse4_1 sse4_2 x2apic movbe popcnt tsc_deadline_timer aes xsave avx f16c rdrand lahf_lm abm ida arat epb xsaveopt pln pts dtherm tpr_shadow vnmi flexpriority ept vpid fsgsbase tsc_adjust bmi1 avx2 smep bmi2 erms invpcid
bogomips	: 4788.87
clflush size	: 64
cache_alignment	: 64
address sizes	: 39 bits physical, 48 bits virtual
power management:

processor	: 6
vendor_id	: GenuineIntel
cpu family	: 6
model		: 60
model name	: Intel(R) Core(TM) i7-4700HQ CPU @ 2.40GHz
stepping	: 3
microcode	: 0x1a
cpu MHz		: 3203.437
cache size	: 6144 KB
physical id	: 0
siblings	: 8
core id		: 3
cpu cores	: 4
apicid		: 6
initial apicid	: 6
fpu		: yes
fpu_exception	: yes
cpuid level	: 13
wp		: yes
flags		: fpu vme de pse tsc msr pae mce cx8 apic sep mtrr pge mca cmov pat pse36 clflush dts acpi mmx fxsr sse sse2 ss ht tm pbe syscall nx pdpe1gb rdtscp lm constant_tsc arch_perfmon pebs bts rep_good nopl xtopology nonstop_tsc aperfmperf eagerfpu pni pclmulqdq dtes64 monitor ds_cpl vmx est tm2 ssse3 fma cx16 xtpr pdcm pcid sse4_1 sse4_2 x2apic movbe popcnt tsc_deadline_timer aes xsave avx f16c rdrand lahf_lm abm ida arat epb xsaveopt pln pts dtherm tpr_shadow vnmi flexpriority ept vpid fsgsbase tsc_adjust bmi1 avx2 smep bmi2 erms invpcid
bogomips	: 4788.87
clflush size	: 64
cache_alignment	: 64
address sizes	: 39 bits physical, 48 bits virtual
power management:

processor	: 7
vendor_id	: GenuineIntel
cpu family	: 6
model		: 60
model name	: Intel(R) Core(TM) i7-4700HQ CPU @ 2.40GHz
stepping	: 3
microcode	: 0x1a
cpu MHz		: 3200.343
cache size	: 6144 KB
physical id	: 0
siblings	: 8
core id		: 3
cpu cores	: 4
apicid		: 7
initial apicid	: 7
fpu		: yes
fpu_exception	: yes
cpuid level	: 13
wp		: yes
flags		: fpu vme de pse tsc msr pae mce cx8 apic sep mtrr pge mca cmov pat pse36 clflush dts acpi mmx fxsr sse sse2 ss ht tm pbe syscall nx pdpe1gb rdtscp lm constant_tsc arch_perfmon pebs bts rep_good nopl xtopology nonstop_tsc aperfmperf eagerfpu pni pclmulqdq dtes64 monitor ds_cpl vmx est tm2 ssse3 fma cx16 xtpr pdcm pcid sse4_1 sse4_2 x2apic movbe popcnt tsc_deadline_timer aes xsave avx f16c rdrand lahf_lm abm ida arat epb xsaveopt pln pts dtherm tpr_shadow vnmi flexpriority ept vpid fsgsbase tsc_adjust bmi1 avx2 smep bmi2 erms invpcid
bogomips	: 4788.87
clflush size	: 64
cache_alignment	: 64
address sizes	: 39 bits physical, 48 bits virtual
power management:



Memory: 4k page, physical 8086696k(122092k free), swap 0k(0k free)

vm_info: OpenJDK 64-Bit Server VM (24.79-b02) for linux-amd64 JRE (1.7.0_79-b14), built on Jul 24 2015 08:15:54 by "buildd" with gcc 4.8.2

time: Wed Aug 26 17:13:59 2015
elapsed time: 0 seconds

